Arguments: 
  C:\Program Files\nodejs\node.exe D:\yarn\bin\yarn.js install

PATH: 
  C:\Users\Administrator\bin;D:\Git\mingw64\bin;D:\Git\usr\local\bin;D:\Git\usr\bin;D:\Git\usr\bin;D:\Git\mingw64\bin;D:\Git\usr\bin;C:\Users\Administrator\bin;C:\Program Files (x86)\Common Files\Oracle\Java\javapath;C:\Windows\system32;C:\Windows;C:\Windows\System32\Wbem;C:\Windows\System32\WindowsPowerShell\v1.0;C:\Program Files\nodejs;D:\Git\cmd;D:\Program Files (x86)\Subversion\bin;C:\Program Files\TortoiseSVN\bin;D:\yarn\bin;C:\Program Files\Java\jdk1.8.0_181\bin;C:\Program Files\Java\jdk1.8.0_181\jre\bin;D:\apache-maven-3.5.4\bin;D:\mongodb\bin;C:\Users\Administrator\AppData\Roaming\npm;C:\Users\Administrator\AppData\Local\Yarn\bin;C:\Users\Administrator\AppData\Local\GitHubDesktop\bin;D:\Git\usr\bin\vendor_perl;D:\Git\usr\bin\core_perl

Yarn version: 
  1.7.0

Node version: 
  8.11.3

Platform: 
  win32 x64

Trace: 
  Error: ENOENT: no such file or directory, copyfile 'C:\Users\Administrator\AppData\Local\Yarn\Cache\v1\npm-is-extendable-1.0.1-a7470f9e426733d81bd81e1155264e3a3507cab4\index.d.ts' -> 'E:\heyheybaby\node_modules\to-regex\node_modules\is-extendable\index.d.ts'

npm manifest: 
  {
    "private": true,
    "scripts": {
      "start": "umi dev",
      "build": "umi build",
      "lint": "eslint --ext .js src test",
      "precommit": "npm run lint"
    },
    "dependencies": {
      "dva": "^2.4.0",
      "umi": "^1.0.0",
      "umi-plugin-dva": "^0.7.1"
    },
    "devDependencies": {
      "eslint": "^4.14.0",
      "eslint-config-umi": "^0.1.1",
      "eslint-plugin-flowtype": "^2.34.1",
      "eslint-plugin-import": "^2.6.0",
      "eslint-plugin-jsx-a11y": "^5.1.1",
      "eslint-plugin-react": "^7.1.0",
      "husky": "^0.12.0"
    }
  }

yarn manifest: 
  No manifest

Lockfile: 
  No lockfile
